<?xml version="1.0" encoding="UTF-8"?>
<!-- Generated by org.testng.reporters.JUnitReportReporter -->
<testsuite hostname="lovepreet" name="TestClasses.SearchForChairswithoutLogin" tests="1" failures="0" timestamp="1 Jun 2020 07:11:14 GMT" time="24.990" errors="0">
  <testcase name="Searcchairswithoutlogin" time="24.990" classname="TestClasses.SearchForChairswithoutLogin"/>
</testsuite> <!-- TestClasses.SearchForChairswithoutLogin -->
