<?xml version="1.0" encoding="UTF-8"?>
<!-- Generated by org.testng.reporters.JUnitReportReporter -->
<testsuite hostname="lovepreet" name="TestClasses.SearchForBookshelveswithoutLogin" tests="1" failures="0" timestamp="1 Jun 2020 07:11:14 GMT" time="31.072" errors="0">
  <testcase name="Searchwithoutlogin" time="31.072" classname="TestClasses.SearchForBookshelveswithoutLogin"/>
</testsuite> <!-- TestClasses.SearchForBookshelveswithoutLogin -->
